<?xml version="1.0" encoding="UTF-8"?>
<testng-results skipped="0" failed="0" ignored="0" total="2" passed="2">
  <reporter-output>
  </reporter-output>
  <suite name="Suite" duration-ms="17647" started-at="2020-11-09T00:03:52 CET" finished-at="2020-11-09T00:04:10 CET">
    <groups>
    </groups>
    <test name="Test" duration-ms="17647" started-at="2020-11-09T00:03:52 CET" finished-at="2020-11-09T00:04:10 CET">
      <class name="completeautomation.fromscratch.assertverification">
        <test-method status="PASS" signature="initialize()[pri:0, instance:completeautomation.fromscratch.assertverification@2758fe70]" name="initialize" is-config="true" duration-ms="8708" started-at="2020-11-09T00:03:52 CET" finished-at="2020-11-09T00:04:01 CET">
          <reporter-output>
          </reporter-output>
        </test-method> <!-- initialize -->
        <test-method status="PASS" signature="pageNavigation()[pri:0, instance:completeautomation.fromscratch.assertverification@2758fe70]" name="pageNavigation" duration-ms="98" started-at="2020-11-09T00:04:01 CET" finished-at="2020-11-09T00:04:01 CET">
          <reporter-output>
          </reporter-output>
        </test-method> <!-- pageNavigation -->
        <test-method status="PASS" signature="teardown()[pri:0, instance:completeautomation.fromscratch.assertverification@2758fe70]" name="teardown" is-config="true" duration-ms="95" started-at="2020-11-09T00:04:10 CET" finished-at="2020-11-09T00:04:10 CET">
          <reporter-output>
          </reporter-output>
        </test-method> <!-- teardown -->
      </class> <!-- completeautomation.fromscratch.assertverification -->
      <class name="completeautomation.fromscratch.Homepage">
        <test-method status="PASS" signature="pageNavigation(java.lang.String, java.lang.String)[pri:0, instance:completeautomation.fromscratch.Homepage@1f36e637]" name="pageNavigation" duration-ms="8490" started-at="2020-11-09T00:04:01 CET" data-provider="getData" finished-at="2020-11-09T00:04:10 CET">
          <params>
            <param index="0">
              <value>
                <![CDATA[abcdefgh]]>
              </value>
            </param>
            <param index="1">
              <value>
                <![CDATA[12345678]]>
              </value>
            </param>
          </params>
          <reporter-output>
          </reporter-output>
        </test-method> <!-- pageNavigation -->
        <test-method status="PASS" signature="teardown()[pri:0, instance:completeautomation.fromscratch.Homepage@1f36e637]" name="teardown" is-config="true" duration-ms="210" started-at="2020-11-09T00:04:10 CET" finished-at="2020-11-09T00:04:10 CET">
          <reporter-output>
          </reporter-output>
        </test-method> <!-- teardown -->
      </class> <!-- completeautomation.fromscratch.Homepage -->
    </test> <!-- Test -->
  </suite> <!-- Suite -->
</testng-results>
